[ 2017-09-30T11:07:58+08:00 ] ::1 /PJ/TP-shop/shop/index.php/Home/User/dell
ERR: 无法加载控制器:User

[ 2017-09-30T11:08:10+08:00 ] ::1 /PJ/TP-shop/shop/index.php/Home/User/dell
ERR: 无法加载控制器:User

[ 2017-09-30T11:28:56+08:00 ] ::1 /PJ/TP-shop/shop/index.php/Home/User/login
ERR: 无法加载控制器:User

[ 2017-09-30T15:15:35+08:00 ] ::1 /PJ/TP-shop/shop/Home/Goods/showlist
ERR: Think\Controller:u方法不存在！

[ 2017-09-30T15:29:21+08:00 ] ::1 /PJ/TP-shop/shop/Home/Goods/showlist
INFO: [ app_init ] --START--
INFO: Run Behavior\BuildLiteBehavior [ RunTime:0.000000s ]
INFO: [ app_init ] --END-- [ RunTime:0.000000s ]
INFO: [ app_begin ] --START--
INFO: Run Behavior\ReadHtmlCacheBehavior [ RunTime:0.000000s ]
INFO: [ app_begin ] --END-- [ RunTime:0.001000s ]
INFO: [ view_parse ] --START--
INFO: Run Behavior\ParseTemplateBehavior [ RunTime:0.000000s ]
INFO: [ view_parse ] --END-- [ RunTime:0.001000s ]
INFO: [ view_filter ] --START--
INFO: Run Behavior\WriteHtmlCacheBehavior [ RunTime:0.000000s ]
INFO: [ view_filter ] --END-- [ RunTime:0.000000s ]
INFO: [ app_end ] --START--
INFO: Run Behavior\ShowPageTraceBehavior [ RunTime:0.001000s ]
INFO: [ app_end ] --END-- [ RunTime:0.001000s ]

